<?xml version="1.0" encoding="UTF-8"?>
<!-- Generated by org.testng.reporters.JUnitReportReporter -->
<testsuite hostname="DESKTOP-D6KDU5B" name="first.testNG.example.GroupTest" tests="2" failures="0" timestamp="22 Sep 2017 18:24:58 GMT" time="0.000" errors="0">
  <testcase name="secondGroup" time="0.000" classname="first.testNG.example.GroupTest"/>
  <testcase name="firstGroup" time="0.000" classname="first.testNG.example.GroupTest"/>
</testsuite> <!-- first.testNG.example.GroupTest -->
