<?xml version="1.0" encoding="UTF-8"?>
<!-- Generated by org.testng.reporters.JUnitReportReporter -->
<testsuite hostname="DESKTOP-D6KDU5B" name="first.testNG.example.TestNGMoreDemo" tests="2" failures="0" timestamp="22 Sep 2017 18:24:58 GMT" time="1.007" errors="0">
  <testcase name="secondTest" time="1.006" classname="first.testNG.example.TestNGMoreDemo"/>
  <testcase name="firstTest" time="0.001" classname="first.testNG.example.TestNGMoreDemo"/>
</testsuite> <!-- first.testNG.example.TestNGMoreDemo -->
