<?xml version="1.0" encoding="UTF-8"?>
<!-- Generated by org.testng.reporters.JUnitReportReporter -->
<testsuite hostname="DESKTOP-D6KDU5B" name="first.testNG.example.ParamsTest" tests="2" failures="0" timestamp="22 Sep 2017 18:24:58 GMT" time="0.001" errors="0">
  <testcase name="userID" time="0.000" classname="first.testNG.example.ParamsTest"/>
  <testcase name="userID" time="0.001" classname="first.testNG.example.ParamsTest"/>
</testsuite> <!-- first.testNG.example.ParamsTest -->
