<?xml version="1.0" encoding="UTF-8"?>
<!-- Generated by org.testng.reporters.JUnitReportReporter -->
<testsuite hostname="DESKTOP-D6KDU5B" name="first.testNG.example.TestNGDemo" tests="2" failures="0" timestamp="22 Sep 2017 18:24:58 GMT" time="0.003" errors="0">
  <testcase name="makeitTwo" time="0.001" classname="first.testNG.example.TestNGDemo"/>
  <testcase name="makeit" time="0.002" classname="first.testNG.example.TestNGDemo"/>
</testsuite> <!-- first.testNG.example.TestNGDemo -->
