<?xml version="1.0" encoding="UTF-8"?>
<!-- Generated by org.testng.reporters.JUnitReportReporter -->
<testsuite hostname="DESKTOP-D6KDU5B" name="FirstLesson.AppTest" tests="1" failures="0" timestamp="22 Sep 2017 18:24:58 GMT" time="0.001" errors="0">
  <testcase name="testApp" time="0.001" classname="FirstLesson.AppTest"/>
</testsuite> <!-- FirstLesson.AppTest -->
