<?xml version="1.0" encoding="UTF-8"?>
<!-- Generated by org.testng.reporters.JUnitReportReporter -->
<testsuite hostname="DESKTOP-D6KDU5B" name="first.testNG.example.TestNGMoreDemo" tests="1" failures="0" timestamp="22 Sep 2017 17:29:22 GMT" time="1.004" errors="0">
  <testcase name="secondTest" time="1.004" classname="first.testNG.example.TestNGMoreDemo"/>
</testsuite> <!-- first.testNG.example.TestNGMoreDemo -->
